PS C:\Users\hasee\Documents\Github\SDMO2025Project_Group8\week2\faiss> pytest -v unit_tests.py
======================================================================= test session starts ========================================================================
platform win32 -- Python 3.13.7, pytest-8.4.2, pluggy-1.6.0 -- C:\Users\hasee\AppData\Local\Programs\Python\Python313\python.exe
cachedir: .pytest_cache
rootdir: C:\Users\hasee\Documents\Github\SDMO2025Project_Group8\week2\faiss
collected 6 items                                                                                                                                                   

unit_tests.py::test_load_developers PASSED                                                                                                                    [ 16%]
unit_tests.py::test_create_embeddings FAILED                                                                                                                  [ 33%]
unit_tests.py::test_build_faiss_index PASSED                                                                                                                  [ 50%]
unit_tests.py::test_find_similar_pairs FAILED                                                                                                                 [ 66%]
unit_tests.py::test_save_results PASSED                                                                                                                       [ 83%]
unit_tests.py::test_main_pipeline FAILED                                                                                                                      [100%]

============================================================================= FAILURES =============================================================================
______________________________________________________________________ test_create_embeddings ______________________________________________________________________

self = Index(['name', 'email'], dtype='object'), key = 'text'

    def get_loc(self, key):
        """
        Get integer location, slice or boolean mask for requested label.
    
        Parameters
        ----------
        key : label

        Returns
        -------
        int if unique index, slice if monotonic index, else mask

        Examples
        --------
        >>> unique_index = pd.Index(list('abc'))
        >>> unique_index.get_loc('b')
        1

        >>> monotonic_index = pd.Index(list('abbc'))
        >>> monotonic_index.get_loc('b')
        slice(1, 3, None)

        >>> non_monotonic_index = pd.Index(list('abcb'))
        >>> non_monotonic_index.get_loc('b')
        array([False,  True, False,  True])
        """
        casted_key = self._maybe_cast_indexer(key)
        try:
>           return self._engine.get_loc(casted_key)
                   ^^^^^^^^^^^^^^^^^^^^^^^^^^^^^^^^

C:\Users\hasee\AppData\Local\Programs\Python\Python313\Lib\site-packages\pandas\core\indexes\base.py:3812:
_ _ _ _ _ _ _ _ _ _ _ _ _ _ _ _ _ _ _ _ _ _ _ _ _ _ _ _ _ _ _ _ _ _ _ _ _ _ _ _ _ _ _ _ _ _ _ _ _ _ _ _ _ _ _ _ _ _ _ _ _ _ _ _ _ _ _ _ _ _ _ _ _ _ _ _ _ _ _ _ _ _  
pandas/_libs/index.pyx:167: in pandas._libs.index.IndexEngine.get_loc
    ???
pandas/_libs/index.pyx:196: in pandas._libs.index.IndexEngine.get_loc
    ???
pandas/_libs/hashtable_class_helper.pxi:7088: in pandas._libs.hashtable.PyObjectHashTable.get_item
    ???
_ _ _ _ _ _ _ _ _ _ _ _ _ _ _ _ _ _ _ _ _ _ _ _ _ _ _ _ _ _ _ _ _ _ _ _ _ _ _ _ _ _ _ _ _ _ _ _ _ _ _ _ _ _ _ _ _ _ _ _ _ _ _ _ _ _ _ _ _ _ _ _ _ _ _ _ _ _ _ _ _ _  

>   ???
E   KeyError: 'text'

pandas/_libs/hashtable_class_helper.pxi:7096: KeyError

The above exception was the direct cause of the following exception:

monkeypatch = <_pytest.monkeypatch.MonkeyPatch object at 0x0000022C3E3AB6F0>
sample_data = (WindowsPath('C:/Users/hasee/AppData/Local/Temp/pytest-of-hasee/pytest-0/test_create_embeddings0/devs.csv'),      name               email
0   Alice   alice@example.com
1  Alicia  alicia@company.com
2     Bob       bob@other.com)

    def test_create_embeddings(monkeypatch, sample_data):
        """Mock SentenceTransformer.encode to avoid download."""
        csv_path, df = sample_data

        class MockModel:
            def encode(self, texts, convert_to_numpy=True, show_progress_bar=True):
                return np.ones((len(texts), 3))

        monkeypatch.setattr(pipeline, "SentenceTransformer", lambda _: MockModel())

>       embeddings = pipeline.create_embeddings(df, "mock-model")
                     ^^^^^^^^^^^^^^^^^^^^^^^^^^^^^^^^^^^^^^^^^^^^

unit_tests.py:62:
_ _ _ _ _ _ _ _ _ _ _ _ _ _ _ _ _ _ _ _ _ _ _ _ _ _ _ _ _ _ _ _ _ _ _ _ _ _ _ _ _ _ _ _ _ _ _ _ _ _ _ _ _ _ _ _ _ _ _ _ _ _ _ _ _ _ _ _ _ _ _ _ _ _ _ _ _ _ _ _ _ _  
faiss_implementation.py:35: in create_embeddings
    embeddings = model.encode(df["text"].tolist(), convert_to_numpy=True, show_progress_bar=True)
                              ^^^^^^^^^^
C:\Users\hasee\AppData\Local\Programs\Python\Python313\Lib\site-packages\pandas\core\frame.py:4113: in __getitem__
    indexer = self.columns.get_loc(key)
              ^^^^^^^^^^^^^^^^^^^^^^^^^
_ _ _ _ _ _ _ _ _ _ _ _ _ _ _ _ _ _ _ _ _ _ _ _ _ _ _ _ _ _ _ _ _ _ _ _ _ _ _ _ _ _ _ _ _ _ _ _ _ _ _ _ _ _ _ _ _ _ _ _ _ _ _ _ _ _ _ _ _ _ _ _ _ _ _ _ _ _ _ _ _ _  

self = Index(['name', 'email'], dtype='object'), key = 'text'

    def get_loc(self, key):
        """
        Get integer location, slice or boolean mask for requested label.

        Parameters
        ----------
        key : label

        Returns
        -------
        int if unique index, slice if monotonic index, else mask

        Examples
        --------
        >>> unique_index = pd.Index(list('abc'))
        >>> unique_index.get_loc('b')
        1

        >>> monotonic_index = pd.Index(list('abbc'))
        >>> monotonic_index.get_loc('b')
        slice(1, 3, None)

        >>> non_monotonic_index = pd.Index(list('abcb'))
        >>> non_monotonic_index.get_loc('b')
        array([False,  True, False,  True])
        """
        casted_key = self._maybe_cast_indexer(key)
        try:
            return self._engine.get_loc(casted_key)
        except KeyError as err:
            if isinstance(casted_key, slice) or (
                isinstance(casted_key, abc.Iterable)
                and any(isinstance(x, slice) for x in casted_key)
            ):
                raise InvalidIndexError(key)
>           raise KeyError(key) from err
E           KeyError: 'text'

C:\Users\hasee\AppData\Local\Programs\Python\Python313\Lib\site-packages\pandas\core\indexes\base.py:3819: KeyError
_____________________________________________________________________ test_find_similar_pairs ______________________________________________________________________ 

sample_data = (WindowsPath('C:/Users/hasee/AppData/Local/Temp/pytest-of-hasee/pytest-0/test_find_similar_pairs0/devs.csv'),      name               email
0   Alice   alice@example.com
1  Alicia  alicia@company.com
2     Bob       bob@other.com)
mock_embeddings = array([[1.        , 0.        , 0.        , 0.        ],
       [0.9938837 , 0.11043153, 0.        , 0.        ],
       [0.        , 0.        , 1.        , 0.        ]], dtype=float32)

    def test_find_similar_pairs(sample_data, mock_embeddings):
        csv_path, df = sample_data
        index = pipeline.build_faiss_index(mock_embeddings)

        df_pairs = pipeline.find_similar_pairs(df, index, mock_embeddings, threshold=0.7, top_k=3)

        expected_cols = ["name_1", "email_1", "name_2", "email_2", "semantic_similarity"]
        assert list(df_pairs.columns) == expected_cols
        assert not df_pairs.empty
>       assert any("alice" in x or "alicia" in x for x in df_pairs["name_1"].tolist() + df_pairs["name_2"].tolist())
E       assert False
E        +  where False = any(<generator object test_find_similar_pairs.<locals>.<genexpr> at 0x0000022C3E4675E0>)

unit_tests.py:83: AssertionError
________________________________________________________________________ test_main_pipeline ________________________________________________________________________ 

monkeypatch = <_pytest.monkeypatch.MonkeyPatch object at 0x0000022C3E85C050>
tmp_path = WindowsPath('C:/Users/hasee/AppData/Local/Temp/pytest-of-hasee/pytest-0/test_main_pipeline0')

    def test_main_pipeline(monkeypatch, tmp_path):
        """End-to-end test (mock embeddings + index + saving)."""
        csv_path = tmp_path / "devs.csv"
        df = pd.DataFrame({
            "name": ["Alice", "Alicia"],
            "email": ["alice@example.com", "alicia@company.com"]
        })
        df.to_csv(csv_path, index=False)

        # Mock everything heavy
        monkeypatch.setattr(pipeline, "create_embeddings", lambda df, model_name: np.eye(len(df)))
        monkeypatch.setattr(pipeline, "build_faiss_index", lambda embeddings: pipeline.build_faiss_index(embeddings))

        # Run pipeline
>       df_pairs = pipeline.main(str(tmp_path), threshold=0.5, top_k=2)
                   ^^^^^^^^^^^^^^^^^^^^^^^^^^^^^^^^^^^^^^^^^^^^^^^^^^^^

unit_tests.py:118:
_ _ _ _ _ _ _ _ _ _ _ _ _ _ _ _ _ _ _ _ _ _ _ _ _ _ _ _ _ _ _ _ _ _ _ _ _ _ _ _ _ _ _ _ _ _ _ _ _ _ _ _ _ _ _ _ _ _ _ _ _ _ _ _ _ _ _ _ _ _ _ _ _ _ _ _ _ _ _ _ _ _  
faiss_implementation.py:97: in main
    index = build_faiss_index(embeddings)
            ^^^^^^^^^^^^^^^^^^^^^^^^^^^^^
unit_tests.py:115: in <lambda>
    monkeypatch.setattr(pipeline, "build_faiss_index", lambda embeddings: pipeline.build_faiss_index(embeddings))
                                                                          ^^^^^^^^^^^^^^^^^^^^^^^^^^^^^^^^^^^^^^
unit_tests.py:115: in <lambda>
    monkeypatch.setattr(pipeline, "build_faiss_index", lambda embeddings: pipeline.build_faiss_index(embeddings))
                                                                          ^^^^^^^^^^^^^^^^^^^^^^^^^^^^^^^^^^^^^^
E   RecursionError: maximum recursion depth exceeded
!!! Recursion detected (same locals & position)
----------------------------------------------------------------------- Captured stdout call ----------------------------------------------------------------------- 
Loaded 2 developer identities.
===================================================================== short test summary info ====================================================================== 
FAILED unit_tests.py::test_create_embeddings - KeyError: 'text'
FAILED unit_tests.py::test_find_similar_pairs - assert False
FAILED unit_tests.py::test_main_pipeline - RecursionError: maximum recursion depth exceeded
=================================================================== 3 failed, 3 passed in 49.83s =================================================================== 